<?xml version="1.0" encoding="UTF-8"?>
<!-- Generated by org.testng.reporters.JUnitReportReporter -->
<testsuite skipped="0" hostname="LAPTOP-B5LLFCD0" name="com.inetbank.testCase.TC_AddCostomerTest_003" tests="1" failures="0" timestamp="2022-03-13T10:26:29 IST" time="23.808" errors="0">
  <testcase name="addNewCostomer" time="23.808" classname="com.inetbank.testCase.TC_AddCostomerTest_003"/>
  <system-out/>
</testsuite> <!-- com.inetbank.testCase.TC_AddCostomerTest_003 -->
