<?xml version="1.0" encoding="UTF-8"?>
<!-- Generated by org.testng.reporters.JUnitReportReporter -->
<testsuite hostname="LAPTOP-B5LLFCD0" failures="0" tests="1" name="allureReports.TC_LoginTest_001" time="7.648" errors="0" timestamp="2022-03-09T12:45:38 IST" skipped="0">
  <testcase classname="allureReports.TC_LoginTest_001" name="loginTest" time="7.648"/>
  <system-out/>
</testsuite> <!-- allureReports.TC_LoginTest_001 -->
