<?xml version="1.0" encoding="UTF-8"?>
<!-- Generated by org.testng.reporters.JUnitReportReporter -->
<testsuite hostname="LAPTOP-B5LLFCD0" failures="0" tests="2" name="Basic_TestNG.BeforeM_Test_AM" time="0.019" errors="0" timestamp="2021-11-12T13:33:13 IST" skipped="0">
  <testcase classname="Basic_TestNG.BeforeM_Test_AM" name="test2" time="0.004"/>
  <system-out/>
  <testcase classname="Basic_TestNG.BeforeM_Test_AM" name="test1" time="0.015"/>
  <system-out/>
</testsuite> <!-- Basic_TestNG.BeforeM_Test_AM -->
