<?xml version="1.0" encoding="UTF-8"?>
<!-- Generated by org.testng.reporters.JUnitReportReporter -->
<testsuite hostname="LAPTOP-B5LLFCD0" failures="0" tests="5" name="Basic_TestNG.parallel_Execution_Part1" time="57.451" errors="0" timestamp="2022-02-13T21:12:46 IST" skipped="0">
  <testcase classname="Basic_TestNG.parallel_Execution_Part1" name="TC3" time="8.734"/>
  <system-out/>
  <testcase classname="Basic_TestNG.parallel_Execution_Part1" name="TC2" time="30.680"/>
  <system-out/>
  <testcase classname="Basic_TestNG.parallel_Execution_Part1" name="TC1" time="5.974"/>
  <system-out/>
  <testcase classname="Basic_TestNG.parallel_Execution_Part1" name="TC1" time="5.958"/>
  <system-out/>
  <testcase classname="Basic_TestNG.parallel_Execution_Part1" name="TC1" time="6.105"/>
  <system-out/>
</testsuite> <!-- Basic_TestNG.parallel_Execution_Part1 -->
