<?xml version="1.0" encoding="UTF-8"?>
<!-- Generated by org.testng.reporters.JUnitReportReporter -->
<testsuite hostname="LAPTOP-B5LLFCD0" failures="0" tests="4" name="Basic_TestNG.parallel_ExecutionPart2" time="36.689" errors="0" timestamp="2022-02-13T21:09:26 IST" skipped="0">
  <testcase classname="Basic_TestNG.parallel_ExecutionPart2" name="TC1" time="7.795"/>
  <system-out/>
  <testcase classname="Basic_TestNG.parallel_ExecutionPart2" name="TC2" time="13.853"/>
  <system-out/>
  <testcase classname="Basic_TestNG.parallel_ExecutionPart2" name="TC1" time="7.820"/>
  <system-out/>
  <testcase classname="Basic_TestNG.parallel_ExecutionPart2" name="TC1" time="7.221"/>
  <system-out/>
</testsuite> <!-- Basic_TestNG.parallel_ExecutionPart2 -->
