<?xml version="1.0" encoding="UTF-8"?>
<!-- Generated by org.testng.reporters.JUnitReportReporter -->
<testsuite hostname="LAPTOP-B5LLFCD0" failures="0" tests="1" name="Basic_TestNG.FirstTestNG" time="0.011" errors="0" timestamp="2021-11-12T13:30:42 IST" skipped="0">
  <testcase classname="Basic_TestNG.FirstTestNG" name="Test" time="0.011"/>
  <system-out/>
</testsuite> <!-- Basic_TestNG.FirstTestNG -->
