<?xml version="1.0" encoding="UTF-8"?>
<!-- Generated by org.testng.reporters.JUnitReportReporter -->
<testsuite hostname="LAPTOP-B5LLFCD0" failures="0" tests="3" name="Basic_TestNG.dependsOnMethod" time="4.199" errors="0" timestamp="2022-03-09T11:32:56 IST" skipped="0">
  <testcase classname="Basic_TestNG.dependsOnMethod" name="LoadingPage" time="0.021"/>
  <system-out/>
  <testcase classname="Basic_TestNG.dependsOnMethod" name="Calculator" time="4.036"/>
  <system-out/>
  <testcase classname="Basic_TestNG.dependsOnMethod" name="NewCar" time="0.142"/>
  <system-out/>
</testsuite> <!-- Basic_TestNG.dependsOnMethod -->
